<?xml version="1.0" encoding="UTF-8"?>
<!-- Generated by org.testng.reporters.JUnitXMLReporter -->
<testsuite ignored="0" hostname="vivobook-asuslaptop-x512flc-x512fl" failures="1" tests="14" name="Default test" time="7.771" errors="0" timestamp="2024-02-12T12:34:52 IST">
  <testcase classname="com.test.Onotologytree_json.CodeCheck" name="@AfterTest afterTest" time="0.0">
    <failure type="java.lang.Error" message="Unresolved compilation problem: 
	driver cannot be resolved
">
      <![CDATA[java.lang.Error: Unresolved compilation problem: 
driver cannot be resolved

at com.test.Onotologytree_json.CodeCheck.afterTest(CodeCheck.java:203)
at java.base/jdk.internal.reflect.NativeMethodAccessorImpl.invoke0(Native Method)
at java.base/jdk.internal.reflect.NativeMethodAccessorImpl.invoke(NativeMethodAccessorImpl.java:77)
at java.base/jdk.internal.reflect.DelegatingMethodAccessorImpl.invoke(DelegatingMethodAccessorImpl.java:43)
at java.base/java.lang.reflect.Method.invoke(Method.java:568)
at org.testng.internal.MethodInvocationHelper.invokeMethod(MethodInvocationHelper.java:133)
at org.testng.internal.MethodInvocationHelper.invokeMethodConsideringTimeout(MethodInvocationHelper.java:62)
at org.testng.internal.ConfigInvoker.invokeConfigurationMethod(ConfigInvoker.java:385)
at org.testng.internal.ConfigInvoker.invokeConfigurations(ConfigInvoker.java:321)
at org.testng.TestRunner.invokeTestConfigurations(TestRunner.java:637)
at org.testng.TestRunner.afterRun(TestRunner.java:877)
at org.testng.TestRunner.run(TestRunner.java:599)
at org.testng.SuiteRunner.runTest(SuiteRunner.java:377)
at org.testng.SuiteRunner.runSequentially(SuiteRunner.java:371)
at org.testng.SuiteRunner.privateRun(SuiteRunner.java:332)
at org.testng.SuiteRunner.run(SuiteRunner.java:276)
at org.testng.SuiteRunnerWorker.runSuite(SuiteRunnerWorker.java:53)
at org.testng.SuiteRunnerWorker.run(SuiteRunnerWorker.java:96)
at org.testng.TestNG.runSuitesSequentially(TestNG.java:1212)
at org.testng.TestNG.runSuitesLocally(TestNG.java:1134)
at org.testng.TestNG.runSuites(TestNG.java:1063)
at org.testng.TestNG.run(TestNG.java:1031)
at org.testng.remote.AbstractRemoteTestNG.run(AbstractRemoteTestNG.java:115)
at org.testng.remote.RemoteTestNG.initAndRun(RemoteTestNG.java:251)
at org.testng.remote.RemoteTestNG.main(RemoteTestNG.java:77)
]]>
    </failure>
  </testcase> <!-- @AfterTest afterTest -->
  <testcase classname="com.test.Onotologytree_json.CodeCheck" name="PixelAnnotation" time="1.443"/>
  <testcase classname="com.test.Onotologytree_json.CodeCheck" name="Atlas" time="0.728"/>
  <testcase classname="com.test.Onotologytree_json.CodeCheck" name="FlatTree" time="0.417"/>
  <testcase classname="com.test.Onotologytree_json.CodeCheck" name="fetalatlas_v124" time="0.657"/>
  <testcase classname="com.test.Onotologytree_json.CodeCheck" name="ImageQc" time="0.513"/>
  <testcase classname="com.test.Onotologytree_json.CodeCheck" name="CellCenter" time="0.419"/>
  <testcase classname="com.test.Onotologytree_json.CodeCheck" name="New_Ontologys" time="0.521"/>
  <testcase classname="com.test.Onotologytree_json.CodeCheck" name="Fetal_Atlas_V1_40" time="0.771"/>
  <testcase classname="com.test.Onotologytree_json.CodeCheck" name="Superannotate_FB3" time="0.374"/>
  <testcase classname="com.test.Onotologytree_json.CodeCheck" name="flatnomenclature_v105" time="0.359">
    <failure type="java.lang.AssertionError" message="Annotation flatnomenclature_v105 has invalid hex color. expected [true] but found [false]">
      <![CDATA[java.lang.AssertionError: Annotation flatnomenclature_v105 has invalid hex color. expected [true] but found [false]
at org.testng.Assert.fail(Assert.java:99)
at org.testng.Assert.failNotEquals(Assert.java:1037)
at org.testng.Assert.assertTrue(Assert.java:45)
at com.test.Onotologytree_json.CodeCheck.testAnnotationValidity(CodeCheck.java:134)
at com.test.Onotologytree_json.CodeCheck.flatnomenclature_v105(CodeCheck.java:80)
at java.base/jdk.internal.reflect.NativeMethodAccessorImpl.invoke0(Native Method)
at java.base/jdk.internal.reflect.NativeMethodAccessorImpl.invoke(NativeMethodAccessorImpl.java:77)
at java.base/jdk.internal.reflect.DelegatingMethodAccessorImpl.invoke(DelegatingMethodAccessorImpl.java:43)
at java.base/java.lang.reflect.Method.invoke(Method.java:568)
at org.testng.internal.MethodInvocationHelper.invokeMethod(MethodInvocationHelper.java:133)
at org.testng.internal.TestInvoker.invokeMethod(TestInvoker.java:598)
at org.testng.internal.TestInvoker.invokeTestMethod(TestInvoker.java:173)
at org.testng.internal.MethodRunner.runInSequence(MethodRunner.java:46)
at org.testng.internal.TestInvoker$MethodInvocationAgent.invoke(TestInvoker.java:824)
at org.testng.internal.TestInvoker.invokeTestMethods(TestInvoker.java:146)
at org.testng.internal.TestMethodWorker.invokeTestMethods(TestMethodWorker.java:146)
at org.testng.internal.TestMethodWorker.run(TestMethodWorker.java:128)
at java.base/java.util.ArrayList.forEach(ArrayList.java:1511)
at org.testng.TestRunner.privateRun(TestRunner.java:794)
at org.testng.TestRunner.run(TestRunner.java:596)
at org.testng.SuiteRunner.runTest(SuiteRunner.java:377)
at org.testng.SuiteRunner.runSequentially(SuiteRunner.java:371)
at org.testng.SuiteRunner.privateRun(SuiteRunner.java:332)
at org.testng.SuiteRunner.run(SuiteRunner.java:276)
at org.testng.SuiteRunnerWorker.runSuite(SuiteRunnerWorker.java:53)
at org.testng.SuiteRunnerWorker.run(SuiteRunnerWorker.java:96)
at org.testng.TestNG.runSuitesSequentially(TestNG.java:1212)
at org.testng.TestNG.runSuitesLocally(TestNG.java:1134)
at org.testng.TestNG.runSuites(TestNG.java:1063)
at org.testng.TestNG.run(TestNG.java:1031)
at org.testng.remote.AbstractRemoteTestNG.run(AbstractRemoteTestNG.java:115)
at org.testng.remote.RemoteTestNG.initAndRun(RemoteTestNG.java:251)
at org.testng.remote.RemoteTestNG.main(RemoteTestNG.java:77)
]]>
    </failure>
  </testcase> <!-- flatnomenclature_v105 -->
  <testcase classname="com.test.Onotologytree_json.CodeCheck" name="fetalatlas_test" time="0.378"/>
  <testcase classname="com.test.Onotologytree_json.CodeCheck" name="Superannotate_FB3_First_Hemisphere" time="0.389"/>
  <testcase classname="com.test.Onotologytree_json.CodeCheck" name="Cell_classification_Rakic" time="0.309"/>
  <testcase classname="com.test.Onotologytree_json.CodeCheck" name="Registration" time="0.447"/>
</testsuite> <!-- Default test -->
