<?xml version="1.0" encoding="UTF-8"?>
<testng-results ignored="0" total="14" passed="13" failed="1" skipped="0">
  <reporter-output>
  </reporter-output>
  <suite started-at="2024-02-12T12:34:44 IST" name="Default suite" finished-at="2024-02-12T12:34:52 IST" duration-ms="7771">
    <groups>
    </groups>
    <test started-at="2024-02-12T12:34:44 IST" name="Default test" finished-at="2024-02-12T12:34:52 IST" duration-ms="7771">
      <class name="com.test.Onotologytree_json.CodeCheck">
        <test-method signature="PixelAnnotation()[pri:1, instance:com.test.Onotologytree_json.CodeCheck@1e04fa0a]" started-at="2024-02-12T12:34:44 IST" name="PixelAnnotation" finished-at="2024-02-12T12:34:46 IST" duration-ms="1443" status="PASS">
          <reporter-output>
          </reporter-output>
        </test-method> <!-- PixelAnnotation -->
        <test-method signature="Atlas()[pri:2, instance:com.test.Onotologytree_json.CodeCheck@1e04fa0a]" started-at="2024-02-12T12:34:46 IST" name="Atlas" finished-at="2024-02-12T12:34:46 IST" duration-ms="728" status="PASS">
          <reporter-output>
          </reporter-output>
        </test-method> <!-- Atlas -->
        <test-method signature="FlatTree()[pri:3, instance:com.test.Onotologytree_json.CodeCheck@1e04fa0a]" started-at="2024-02-12T12:34:46 IST" name="FlatTree" finished-at="2024-02-12T12:34:47 IST" duration-ms="417" status="PASS">
          <reporter-output>
          </reporter-output>
        </test-method> <!-- FlatTree -->
        <test-method signature="fetalatlas_v124()[pri:4, instance:com.test.Onotologytree_json.CodeCheck@1e04fa0a]" started-at="2024-02-12T12:34:47 IST" name="fetalatlas_v124" finished-at="2024-02-12T12:34:47 IST" duration-ms="657" status="PASS">
          <reporter-output>
          </reporter-output>
        </test-method> <!-- fetalatlas_v124 -->
        <test-method signature="ImageQc()[pri:5, instance:com.test.Onotologytree_json.CodeCheck@1e04fa0a]" started-at="2024-02-12T12:34:47 IST" name="ImageQc" finished-at="2024-02-12T12:34:48 IST" duration-ms="513" status="PASS">
          <reporter-output>
          </reporter-output>
        </test-method> <!-- ImageQc -->
        <test-method signature="CellCenter()[pri:6, instance:com.test.Onotologytree_json.CodeCheck@1e04fa0a]" started-at="2024-02-12T12:34:48 IST" name="CellCenter" finished-at="2024-02-12T12:34:48 IST" duration-ms="419" status="PASS">
          <reporter-output>
          </reporter-output>
        </test-method> <!-- CellCenter -->
        <test-method signature="New_Ontologys()[pri:7, instance:com.test.Onotologytree_json.CodeCheck@1e04fa0a]" started-at="2024-02-12T12:34:48 IST" name="New_Ontologys" finished-at="2024-02-12T12:34:49 IST" duration-ms="521" status="PASS">
          <reporter-output>
          </reporter-output>
        </test-method> <!-- New_Ontologys -->
        <test-method signature="Fetal_Atlas_V1_40()[pri:8, instance:com.test.Onotologytree_json.CodeCheck@1e04fa0a]" started-at="2024-02-12T12:34:49 IST" name="Fetal_Atlas_V1_40" finished-at="2024-02-12T12:34:50 IST" duration-ms="771" status="PASS">
          <reporter-output>
          </reporter-output>
        </test-method> <!-- Fetal_Atlas_V1_40 -->
        <test-method signature="Superannotate_FB3()[pri:9, instance:com.test.Onotologytree_json.CodeCheck@1e04fa0a]" started-at="2024-02-12T12:34:50 IST" name="Superannotate_FB3" finished-at="2024-02-12T12:34:50 IST" duration-ms="374" status="PASS">
          <reporter-output>
          </reporter-output>
        </test-method> <!-- Superannotate_FB3 -->
        <test-method signature="flatnomenclature_v105()[pri:10, instance:com.test.Onotologytree_json.CodeCheck@1e04fa0a]" started-at="2024-02-12T12:34:50 IST" name="flatnomenclature_v105" finished-at="2024-02-12T12:34:50 IST" duration-ms="359" status="FAIL">
          <exception class="java.lang.AssertionError">
            <message>
              <![CDATA[Annotation flatnomenclature_v105 has invalid hex color. expected [true] but found [false]]]>
            </message>
            <full-stacktrace>
              <![CDATA[java.lang.AssertionError: Annotation flatnomenclature_v105 has invalid hex color. expected [true] but found [false]
at org.testng.Assert.fail(Assert.java:99)
at org.testng.Assert.failNotEquals(Assert.java:1037)
at org.testng.Assert.assertTrue(Assert.java:45)
at com.test.Onotologytree_json.CodeCheck.testAnnotationValidity(CodeCheck.java:134)
at com.test.Onotologytree_json.CodeCheck.flatnomenclature_v105(CodeCheck.java:80)
at java.base/jdk.internal.reflect.NativeMethodAccessorImpl.invoke0(Native Method)
at java.base/jdk.internal.reflect.NativeMethodAccessorImpl.invoke(NativeMethodAccessorImpl.java:77)
at java.base/jdk.internal.reflect.DelegatingMethodAccessorImpl.invoke(DelegatingMethodAccessorImpl.java:43)
at java.base/java.lang.reflect.Method.invoke(Method.java:568)
at org.testng.internal.MethodInvocationHelper.invokeMethod(MethodInvocationHelper.java:133)
at org.testng.internal.TestInvoker.invokeMethod(TestInvoker.java:598)
at org.testng.internal.TestInvoker.invokeTestMethod(TestInvoker.java:173)
at org.testng.internal.MethodRunner.runInSequence(MethodRunner.java:46)
at org.testng.internal.TestInvoker$MethodInvocationAgent.invoke(TestInvoker.java:824)
at org.testng.internal.TestInvoker.invokeTestMethods(TestInvoker.java:146)
at org.testng.internal.TestMethodWorker.invokeTestMethods(TestMethodWorker.java:146)
at org.testng.internal.TestMethodWorker.run(TestMethodWorker.java:128)
at java.base/java.util.ArrayList.forEach(ArrayList.java:1511)
at org.testng.TestRunner.privateRun(TestRunner.java:794)
at org.testng.TestRunner.run(TestRunner.java:596)
at org.testng.SuiteRunner.runTest(SuiteRunner.java:377)
at org.testng.SuiteRunner.runSequentially(SuiteRunner.java:371)
at org.testng.SuiteRunner.privateRun(SuiteRunner.java:332)
at org.testng.SuiteRunner.run(SuiteRunner.java:276)
at org.testng.SuiteRunnerWorker.runSuite(SuiteRunnerWorker.java:53)
at org.testng.SuiteRunnerWorker.run(SuiteRunnerWorker.java:96)
at org.testng.TestNG.runSuitesSequentially(TestNG.java:1212)
at org.testng.TestNG.runSuitesLocally(TestNG.java:1134)
at org.testng.TestNG.runSuites(TestNG.java:1063)
at org.testng.TestNG.run(TestNG.java:1031)
at org.testng.remote.AbstractRemoteTestNG.run(AbstractRemoteTestNG.java:115)
at org.testng.remote.RemoteTestNG.initAndRun(RemoteTestNG.java:251)
at org.testng.remote.RemoteTestNG.main(RemoteTestNG.java:77)
]]>
            </full-stacktrace>
          </exception> <!-- java.lang.AssertionError -->
          <reporter-output>
          </reporter-output>
        </test-method> <!-- flatnomenclature_v105 -->
        <test-method signature="fetalatlas_test()[pri:11, instance:com.test.Onotologytree_json.CodeCheck@1e04fa0a]" started-at="2024-02-12T12:34:50 IST" name="fetalatlas_test" finished-at="2024-02-12T12:34:51 IST" duration-ms="378" status="PASS">
          <reporter-output>
          </reporter-output>
        </test-method> <!-- fetalatlas_test -->
        <test-method signature="Superannotate_FB3_First_Hemisphere()[pri:12, instance:com.test.Onotologytree_json.CodeCheck@1e04fa0a]" started-at="2024-02-12T12:34:51 IST" name="Superannotate_FB3_First_Hemisphere" finished-at="2024-02-12T12:34:51 IST" duration-ms="389" status="PASS">
          <reporter-output>
          </reporter-output>
        </test-method> <!-- Superannotate_FB3_First_Hemisphere -->
        <test-method signature="Cell_classification_Rakic()[pri:13, instance:com.test.Onotologytree_json.CodeCheck@1e04fa0a]" started-at="2024-02-12T12:34:51 IST" name="Cell_classification_Rakic" finished-at="2024-02-12T12:34:52 IST" duration-ms="309" status="PASS">
          <reporter-output>
          </reporter-output>
        </test-method> <!-- Cell_classification_Rakic -->
        <test-method signature="Registration()[pri:14, instance:com.test.Onotologytree_json.CodeCheck@1e04fa0a]" started-at="2024-02-12T12:34:52 IST" name="Registration" finished-at="2024-02-12T12:34:52 IST" duration-ms="447" status="PASS">
          <reporter-output>
          </reporter-output>
        </test-method> <!-- Registration -->
        <test-method is-config="true" signature="afterTest()[pri:0, instance:com.test.Onotologytree_json.CodeCheck@1e04fa0a]" started-at="2024-02-12T12:34:52 IST" name="afterTest" finished-at="2024-02-12T12:34:52 IST" duration-ms="0" status="FAIL">
          <exception class="java.lang.Error">
            <message>
              <![CDATA[Unresolved compilation problem: 
driver cannot be resolved
]]>
            </message>
            <full-stacktrace>
              <![CDATA[java.lang.Error: Unresolved compilation problem: 
driver cannot be resolved

at com.test.Onotologytree_json.CodeCheck.afterTest(CodeCheck.java:203)
at java.base/jdk.internal.reflect.NativeMethodAccessorImpl.invoke0(Native Method)
at java.base/jdk.internal.reflect.NativeMethodAccessorImpl.invoke(NativeMethodAccessorImpl.java:77)
at java.base/jdk.internal.reflect.DelegatingMethodAccessorImpl.invoke(DelegatingMethodAccessorImpl.java:43)
at java.base/java.lang.reflect.Method.invoke(Method.java:568)
at org.testng.internal.MethodInvocationHelper.invokeMethod(MethodInvocationHelper.java:133)
at org.testng.internal.MethodInvocationHelper.invokeMethodConsideringTimeout(MethodInvocationHelper.java:62)
at org.testng.internal.ConfigInvoker.invokeConfigurationMethod(ConfigInvoker.java:385)
at org.testng.internal.ConfigInvoker.invokeConfigurations(ConfigInvoker.java:321)
at org.testng.TestRunner.invokeTestConfigurations(TestRunner.java:637)
at org.testng.TestRunner.afterRun(TestRunner.java:877)
at org.testng.TestRunner.run(TestRunner.java:599)
at org.testng.SuiteRunner.runTest(SuiteRunner.java:377)
at org.testng.SuiteRunner.runSequentially(SuiteRunner.java:371)
at org.testng.SuiteRunner.privateRun(SuiteRunner.java:332)
at org.testng.SuiteRunner.run(SuiteRunner.java:276)
at org.testng.SuiteRunnerWorker.runSuite(SuiteRunnerWorker.java:53)
at org.testng.SuiteRunnerWorker.run(SuiteRunnerWorker.java:96)
at org.testng.TestNG.runSuitesSequentially(TestNG.java:1212)
at org.testng.TestNG.runSuitesLocally(TestNG.java:1134)
at org.testng.TestNG.runSuites(TestNG.java:1063)
at org.testng.TestNG.run(TestNG.java:1031)
at org.testng.remote.AbstractRemoteTestNG.run(AbstractRemoteTestNG.java:115)
at org.testng.remote.RemoteTestNG.initAndRun(RemoteTestNG.java:251)
at org.testng.remote.RemoteTestNG.main(RemoteTestNG.java:77)
]]>
            </full-stacktrace>
          </exception> <!-- java.lang.Error -->
          <reporter-output>
          </reporter-output>
        </test-method> <!-- afterTest -->
      </class> <!-- com.test.Onotologytree_json.CodeCheck -->
    </test> <!-- Default test -->
  </suite> <!-- Default suite -->
</testng-results>
